2025-03-20 16:30:03 0 [Note] Starting MariaDB 10.4.32-MariaDB source revision c4143f909528e3fab0677a28631d10389354c491 as process 9520
2025-03-20 16:30:03 0 [Note] InnoDB: Mutexes and rw_locks use Windows interlocked functions
2025-03-20 16:30:03 0 [Note] InnoDB: Uses event mutexes
2025-03-20 16:30:03 0 [Note] InnoDB: Compressed tables use zlib 1.3
2025-03-20 16:30:03 0 [Note] InnoDB: Number of pools: 1
2025-03-20 16:30:03 0 [Note] InnoDB: Using SSE2 crc32 instructions
2025-03-20 16:30:03 0 [Note] InnoDB: Initializing buffer pool, total size = 16M, instances = 1, chunk size = 16M
2025-03-20 16:30:03 0 [Note] InnoDB: Completed initialization of buffer pool
2025-03-20 16:30:03 0 [Note] InnoDB: Starting crash recovery from checkpoint LSN=300288
2025-03-20 16:30:04 0 [Note] InnoDB: 128 out of 128 rollback segments are active.
2025-03-20 16:30:04 0 [Note] InnoDB: Removed temporary tablespace data file: "ibtmp1"
2025-03-20 16:30:04 0 [Note] InnoDB: Creating shared tablespace for temporary tables
2025-03-20 16:30:04 0 [Note] InnoDB: Setting file 'C:\xampp\mysql\data\ibtmp1' size to 12 MB. Physically writing the file full; Please wait ...
2025-03-20 16:30:04 0 [Note] InnoDB: File 'C:\xampp\mysql\data\ibtmp1' size is now 12 MB.
2025-03-20 16:30:04 0 [Note] InnoDB: Waiting for purge to start
2025-03-20 16:30:04 0 [Note] InnoDB: 10.4.32 started; log sequence number 300297; transaction id 170
2025-03-20 16:30:04 0 [Note] InnoDB: Loading buffer pool(s) from C:\xampp\mysql\data\ib_buffer_pool
2025-03-20 16:30:04 0 [Note] Plugin 'FEEDBACK' is disabled.
2025-03-20 16:30:04 0 [Note] Server socket created on IP: '::'.
2025-05-01 13:29:28 0 [Note] Starting MariaDB 10.4.32-MariaDB source revision c4143f909528e3fab0677a28631d10389354c491 as process 17432
2025-05-01 13:29:28 0 [Note] InnoDB: Mutexes and rw_locks use Windows interlocked functions
2025-05-01 13:29:28 0 [Note] InnoDB: Uses event mutexes
2025-05-01 13:29:28 0 [Note] InnoDB: Compressed tables use zlib 1.3
2025-05-01 13:29:28 0 [Note] InnoDB: Number of pools: 1
2025-05-01 13:29:28 0 [Note] InnoDB: Using SSE2 crc32 instructions
2025-05-01 13:29:28 0 [Note] InnoDB: Initializing buffer pool, total size = 16M, instances = 1, chunk size = 16M
2025-05-01 13:29:28 0 [Note] InnoDB: Completed initialization of buffer pool
2025-05-01 13:29:28 0 [Note] InnoDB: Starting crash recovery from checkpoint LSN=300943
2025-05-01 13:29:28 0 [Note] InnoDB: 128 out of 128 rollback segments are active.
2025-05-01 13:29:28 0 [Note] InnoDB: Removed temporary tablespace data file: "ibtmp1"
2025-05-01 13:29:28 0 [Note] InnoDB: Creating shared tablespace for temporary tables
2025-05-01 13:29:28 0 [Note] InnoDB: Setting file 'C:\xampp\mysql\data\ibtmp1' size to 12 MB. Physically writing the file full; Please wait ...
2025-05-01 13:29:28 0 [Note] InnoDB: File 'C:\xampp\mysql\data\ibtmp1' size is now 12 MB.
2025-05-01 13:29:28 0 [Note] InnoDB: Waiting for purge to start
2025-05-01 13:29:28 0 [Note] InnoDB: 10.4.32 started; log sequence number 300952; transaction id 195
2025-05-01 13:29:28 0 [Note] InnoDB: Loading buffer pool(s) from C:\xampp\mysql\data\ib_buffer_pool
2025-05-01 13:29:28 0 [Note] Plugin 'FEEDBACK' is disabled.
2025-05-01 13:29:28 0 [Note] InnoDB: Buffer pool(s) load completed at 250501 13:29:28
2025-05-01 13:29:28 0 [Note] Server socket created on IP: '::'.
2025-05-02 12:27:19 0 [Note] Starting MariaDB 10.4.32-MariaDB source revision c4143f909528e3fab0677a28631d10389354c491 as process 15060
2025-05-02 12:27:19 0 [Note] InnoDB: Mutexes and rw_locks use Windows interlocked functions
2025-05-02 12:27:19 0 [Note] InnoDB: Uses event mutexes
2025-05-02 12:27:19 0 [Note] InnoDB: Compressed tables use zlib 1.3
2025-05-02 12:27:19 0 [Note] InnoDB: Number of pools: 1
2025-05-02 12:27:19 0 [Note] InnoDB: Using SSE2 crc32 instructions
2025-05-02 12:27:19 0 [Note] InnoDB: Initializing buffer pool, total size = 16M, instances = 1, chunk size = 16M
2025-05-02 12:27:19 0 [Note] InnoDB: Completed initialization of buffer pool
2025-05-02 12:27:19 0 [Note] InnoDB: Starting crash recovery from checkpoint LSN=327758
2025-05-02 12:27:19 0 [Note] InnoDB: 128 out of 128 rollback segments are active.
2025-05-02 12:27:19 0 [Note] InnoDB: Removed temporary tablespace data file: "ibtmp1"
2025-05-02 12:27:19 0 [Note] InnoDB: Creating shared tablespace for temporary tables
2025-05-02 12:27:19 0 [Note] InnoDB: Setting file 'C:\xampp\mysql\data\ibtmp1' size to 12 MB. Physically writing the file full; Please wait ...
2025-05-02 12:27:19 0 [Note] InnoDB: File 'C:\xampp\mysql\data\ibtmp1' size is now 12 MB.
2025-05-02 12:27:19 0 [Note] InnoDB: Waiting for purge to start
2025-05-02 12:27:19 0 [Note] InnoDB: 10.4.32 started; log sequence number 327767; transaction id 265
2025-05-02 12:27:19 0 [Note] InnoDB: Loading buffer pool(s) from C:\xampp\mysql\data\ib_buffer_pool
2025-05-02 12:27:19 0 [Note] Plugin 'FEEDBACK' is disabled.
2025-05-02 12:27:19 0 [Note] Server socket created on IP: '::'.
2025-05-02 12:31:25 0 [Note] Starting MariaDB 10.4.32-MariaDB source revision c4143f909528e3fab0677a28631d10389354c491 as process 15716
2025-05-02 12:31:25 0 [Note] InnoDB: Mutexes and rw_locks use Windows interlocked functions
2025-05-02 12:31:25 0 [Note] InnoDB: Uses event mutexes
2025-05-02 12:31:25 0 [Note] InnoDB: Compressed tables use zlib 1.3
2025-05-02 12:31:25 0 [Note] InnoDB: Number of pools: 1
2025-05-02 12:31:25 0 [Note] InnoDB: Using SSE2 crc32 instructions
2025-05-02 12:31:25 0 [Note] InnoDB: Initializing buffer pool, total size = 16M, instances = 1, chunk size = 16M
2025-05-02 12:31:25 0 [Note] InnoDB: Completed initialization of buffer pool
2025-05-02 12:31:25 0 [Note] InnoDB: Starting crash recovery from checkpoint LSN=327776
2025-05-02 12:31:25 0 [Note] InnoDB: 128 out of 128 rollback segments are active.
2025-05-02 12:31:25 0 [Note] InnoDB: Removed temporary tablespace data file: "ibtmp1"
2025-05-02 12:31:25 0 [Note] InnoDB: Creating shared tablespace for temporary tables
2025-05-02 12:31:25 0 [Note] InnoDB: Setting file 'C:\xampp\mysql\data\ibtmp1' size to 12 MB. Physically writing the file full; Please wait ...
2025-05-02 12:31:25 0 [Note] InnoDB: File 'C:\xampp\mysql\data\ibtmp1' size is now 12 MB.
2025-05-02 12:31:25 0 [Note] InnoDB: Waiting for purge to start
2025-05-02 12:31:25 0 [Note] InnoDB: 10.4.32 started; log sequence number 327785; transaction id 265
2025-05-02 12:31:25 0 [Note] InnoDB: Loading buffer pool(s) from C:\xampp\mysql\data\ib_buffer_pool
2025-05-02 12:31:25 0 [Note] Plugin 'FEEDBACK' is disabled.
2025-05-02 12:31:25 0 [Note] Server socket created on IP: '::'.
2025-05-02 12:31:25 0 [Note] InnoDB: Buffer pool(s) load completed at 250502 12:31:25
2025-05-02 12:31:25 0 [Note] Reading of all Master_info entries succeeded
2025-05-02 12:31:25 0 [Note] Added new Master_info '' to hash table
2025-05-02 12:31:25 0 [Note] c:\xampp\mysql\bin\mysqld.exe: ready for connections.
Version: '10.4.32-MariaDB'  socket: ''  port: 3306  mariadb.org binary distribution
2025-05-02 12:50:50 0 [Note] Starting MariaDB 10.4.32-MariaDB source revision c4143f909528e3fab0677a28631d10389354c491 as process 17204
2025-05-02 12:50:50 0 [Note] InnoDB: Mutexes and rw_locks use Windows interlocked functions
2025-05-02 12:50:50 0 [Note] InnoDB: Uses event mutexes
2025-05-02 12:50:50 0 [Note] InnoDB: Compressed tables use zlib 1.3
2025-05-02 12:50:50 0 [Note] InnoDB: Number of pools: 1
2025-05-02 12:50:50 0 [Note] InnoDB: Using SSE2 crc32 instructions
2025-05-02 12:50:50 0 [Note] InnoDB: Initializing buffer pool, total size = 16M, instances = 1, chunk size = 16M
2025-05-02 12:50:50 0 [Note] InnoDB: Completed initialization of buffer pool
2025-05-02 12:50:50 0 [Note] InnoDB: Starting crash recovery from checkpoint LSN=327794
2025-05-02 12:50:50 0 [Note] InnoDB: 128 out of 128 rollback segments are active.
2025-05-02 12:50:50 0 [Note] InnoDB: Removed temporary tablespace data file: "ibtmp1"
2025-05-02 12:50:50 0 [Note] InnoDB: Creating shared tablespace for temporary tables
2025-05-02 12:50:50 0 [Note] InnoDB: Setting file 'C:\xampp\mysql\data\ibtmp1' size to 12 MB. Physically writing the file full; Please wait ...
2025-05-02 12:50:50 0 [Note] InnoDB: File 'C:\xampp\mysql\data\ibtmp1' size is now 12 MB.
2025-05-02 12:50:50 0 [Note] InnoDB: Waiting for purge to start
2025-05-02 12:50:50 0 [Note] InnoDB: 10.4.32 started; log sequence number 327803; transaction id 265
2025-05-02 12:50:50 0 [Note] Plugin 'FEEDBACK' is disabled.
2025-05-02 12:50:50 0 [Note] InnoDB: Loading buffer pool(s) from C:\xampp\mysql\data\ib_buffer_pool
2025-05-02 12:50:50 0 [Note] Server socket created on IP: '::'.
2025-05-02 20:38:30 0 [Note] Starting MariaDB 10.4.32-MariaDB source revision c4143f909528e3fab0677a28631d10389354c491 as process 7160
2025-05-02 20:38:30 0 [Note] InnoDB: Mutexes and rw_locks use Windows interlocked functions
2025-05-02 20:38:30 0 [Note] InnoDB: Uses event mutexes
2025-05-02 20:38:30 0 [Note] InnoDB: Compressed tables use zlib 1.3
2025-05-02 20:38:30 0 [Note] InnoDB: Number of pools: 1
2025-05-02 20:38:30 0 [Note] InnoDB: Using SSE2 crc32 instructions
2025-05-02 20:38:30 0 [Note] InnoDB: Initializing buffer pool, total size = 16M, instances = 1, chunk size = 16M
2025-05-02 20:38:30 0 [Note] InnoDB: Completed initialization of buffer pool
2025-05-02 20:38:32 0 [Note] InnoDB: Starting crash recovery from checkpoint LSN=327812
2025-05-02 20:38:34 0 [Note] InnoDB: 128 out of 128 rollback segments are active.
2025-05-02 20:38:34 0 [Note] InnoDB: Removed temporary tablespace data file: "ibtmp1"
2025-05-02 20:38:34 0 [Note] InnoDB: Creating shared tablespace for temporary tables
2025-05-02 20:38:34 0 [Note] InnoDB: Setting file 'C:\xampp\mysql\data\ibtmp1' size to 12 MB. Physically writing the file full; Please wait ...
2025-05-02 20:38:34 0 [Note] InnoDB: File 'C:\xampp\mysql\data\ibtmp1' size is now 12 MB.
2025-05-02 20:38:34 0 [Note] InnoDB: Waiting for purge to start
2025-05-02 20:38:34 0 [Note] InnoDB: 10.4.32 started; log sequence number 327821; transaction id 265
2025-05-02 20:38:34 0 [Note] InnoDB: Loading buffer pool(s) from C:\xampp\mysql\data\ib_buffer_pool
2025-05-02 20:38:34 0 [Note] Plugin 'FEEDBACK' is disabled.
2025-05-02 20:38:34 0 [Note] Server socket created on IP: '::'.
2025-05-02 20:51:50 0 [Note] Starting MariaDB 10.4.32-MariaDB source revision c4143f909528e3fab0677a28631d10389354c491 as process 4036
2025-05-02 20:51:50 0 [Note] InnoDB: Mutexes and rw_locks use Windows interlocked functions
2025-05-02 20:51:50 0 [Note] InnoDB: Uses event mutexes
2025-05-02 20:51:50 0 [Note] InnoDB: Compressed tables use zlib 1.3
2025-05-02 20:51:50 0 [Note] InnoDB: Number of pools: 1
2025-05-02 20:51:50 0 [Note] InnoDB: Using SSE2 crc32 instructions
2025-05-02 20:51:50 0 [Note] InnoDB: Initializing buffer pool, total size = 16M, instances = 1, chunk size = 16M
2025-05-02 20:51:50 0 [Note] InnoDB: Completed initialization of buffer pool
2025-05-02 20:51:50 0 [Note] InnoDB: Starting crash recovery from checkpoint LSN=327830
2025-05-02 20:51:50 0 [Note] InnoDB: 128 out of 128 rollback segments are active.
2025-05-02 20:51:50 0 [Note] InnoDB: Removed temporary tablespace data file: "ibtmp1"
2025-05-02 20:51:50 0 [Note] InnoDB: Creating shared tablespace for temporary tables
2025-05-02 20:51:50 0 [Note] InnoDB: Setting file 'C:\xampp\mysql\data\ibtmp1' size to 12 MB. Physically writing the file full; Please wait ...
2025-05-02 20:51:50 0 [Note] InnoDB: File 'C:\xampp\mysql\data\ibtmp1' size is now 12 MB.
2025-05-02 20:51:50 0 [Note] InnoDB: Waiting for purge to start
2025-05-02 20:51:51 0 [Note] InnoDB: 10.4.32 started; log sequence number 327839; transaction id 265
2025-05-02 20:51:51 0 [Note] InnoDB: Loading buffer pool(s) from C:\xampp\mysql\data\ib_buffer_pool
2025-05-02 20:51:51 0 [Note] Plugin 'FEEDBACK' is disabled.
2025-05-02 20:51:51 0 [Note] Server socket created on IP: '::'.
2025-05-03 14:01:05 0 [Note] Starting MariaDB 10.4.32-MariaDB source revision c4143f909528e3fab0677a28631d10389354c491 as process 16404
2025-05-03 14:01:05 0 [Note] InnoDB: Mutexes and rw_locks use Windows interlocked functions
2025-05-03 14:01:05 0 [Note] InnoDB: Uses event mutexes
2025-05-03 14:01:05 0 [Note] InnoDB: Compressed tables use zlib 1.3
2025-05-03 14:01:05 0 [Note] InnoDB: Number of pools: 1
2025-05-03 14:01:05 0 [Note] InnoDB: Using SSE2 crc32 instructions
2025-05-03 14:01:05 0 [Note] InnoDB: Initializing buffer pool, total size = 16M, instances = 1, chunk size = 16M
2025-05-03 14:01:05 0 [Note] InnoDB: Completed initialization of buffer pool
2025-05-03 14:01:05 0 [Note] InnoDB: Starting crash recovery from checkpoint LSN=327848
2025-05-03 14:01:05 0 [Note] InnoDB: 128 out of 128 rollback segments are active.
2025-05-03 14:01:05 0 [Note] InnoDB: Removed temporary tablespace data file: "ibtmp1"
2025-05-03 14:01:05 0 [Note] InnoDB: Creating shared tablespace for temporary tables
2025-05-03 14:01:05 0 [Note] InnoDB: Setting file 'C:\xampp\mysql\data\ibtmp1' size to 12 MB. Physically writing the file full; Please wait ...
2025-05-03 14:01:05 0 [Note] InnoDB: File 'C:\xampp\mysql\data\ibtmp1' size is now 12 MB.
2025-05-03 14:01:05 0 [Note] InnoDB: Waiting for purge to start
2025-05-03 14:01:05 0 [Note] InnoDB: 10.4.32 started; log sequence number 327857; transaction id 265
2025-05-03 14:01:05 0 [Note] InnoDB: Loading buffer pool(s) from C:\xampp\mysql\data\ib_buffer_pool
2025-05-03 14:01:05 0 [Note] Plugin 'FEEDBACK' is disabled.
2025-05-03 14:01:05 0 [Note] Server socket created on IP: '::'.
2025-05-03 14:14:16 0 [Note] Starting MariaDB 10.4.32-MariaDB source revision c4143f909528e3fab0677a28631d10389354c491 as process 4700
2025-05-03 14:14:16 0 [Note] InnoDB: Mutexes and rw_locks use Windows interlocked functions
2025-05-03 14:14:16 0 [Note] InnoDB: Uses event mutexes
2025-05-03 14:14:16 0 [Note] InnoDB: Compressed tables use zlib 1.3
2025-05-03 14:14:16 0 [Note] InnoDB: Number of pools: 1
2025-05-03 14:14:16 0 [Note] InnoDB: Using SSE2 crc32 instructions
2025-05-03 14:14:16 0 [Note] InnoDB: Initializing buffer pool, total size = 16M, instances = 1, chunk size = 16M
2025-05-03 14:14:16 0 [Note] InnoDB: Completed initialization of buffer pool
2025-05-03 14:14:16 0 [Note] InnoDB: Starting crash recovery from checkpoint LSN=339677
2025-05-03 14:14:16 0 [Note] InnoDB: 128 out of 128 rollback segments are active.
2025-05-03 14:14:16 0 [Note] InnoDB: Removed temporary tablespace data file: "ibtmp1"
2025-05-03 14:14:16 0 [Note] InnoDB: Creating shared tablespace for temporary tables
2025-05-03 14:14:16 0 [Note] InnoDB: Setting file 'C:\xampp\mysql\data\ibtmp1' size to 12 MB. Physically writing the file full; Please wait ...
2025-05-03 14:14:16 0 [Note] InnoDB: File 'C:\xampp\mysql\data\ibtmp1' size is now 12 MB.
2025-05-03 14:14:16 0 [Note] InnoDB: Waiting for purge to start
2025-05-03 14:14:16 0 [Note] InnoDB: 10.4.32 started; log sequence number 339686; transaction id 329
2025-05-03 14:14:16 0 [Note] InnoDB: Loading buffer pool(s) from C:\xampp\mysql\data\ib_buffer_pool
2025-05-03 14:14:16 0 [Note] Plugin 'FEEDBACK' is disabled.
2025-05-03 14:14:16 0 [Note] Server socket created on IP: '::'.
2025-05-03 14:16:40 0 [Note] Starting MariaDB 10.4.32-MariaDB source revision c4143f909528e3fab0677a28631d10389354c491 as process 15908
2025-05-03 14:16:40 0 [Note] InnoDB: Mutexes and rw_locks use Windows interlocked functions
2025-05-03 14:16:40 0 [Note] InnoDB: Uses event mutexes
2025-05-03 14:16:40 0 [Note] InnoDB: Compressed tables use zlib 1.3
2025-05-03 14:16:40 0 [Note] InnoDB: Number of pools: 1
2025-05-03 14:16:40 0 [Note] InnoDB: Using SSE2 crc32 instructions
2025-05-03 14:16:40 0 [Note] InnoDB: Initializing buffer pool, total size = 16M, instances = 1, chunk size = 16M
2025-05-03 14:16:40 0 [Note] InnoDB: Completed initialization of buffer pool
2025-05-03 14:16:40 0 [Note] InnoDB: Starting crash recovery from checkpoint LSN=339695
2025-05-03 14:16:40 0 [Note] InnoDB: 128 out of 128 rollback segments are active.
2025-05-03 14:16:40 0 [Note] InnoDB: Removed temporary tablespace data file: "ibtmp1"
2025-05-03 14:16:40 0 [Note] InnoDB: Creating shared tablespace for temporary tables
2025-05-03 14:16:40 0 [Note] InnoDB: Setting file 'C:\xampp\mysql\data\ibtmp1' size to 12 MB. Physically writing the file full; Please wait ...
2025-05-03 14:16:40 0 [Note] InnoDB: File 'C:\xampp\mysql\data\ibtmp1' size is now 12 MB.
2025-05-03 14:16:40 0 [Note] InnoDB: Waiting for purge to start
2025-05-03 14:16:40 0 [Note] InnoDB: 10.4.32 started; log sequence number 339704; transaction id 329
2025-05-03 14:16:40 0 [Note] InnoDB: Loading buffer pool(s) from C:\xampp\mysql\data\ib_buffer_pool
2025-05-03 14:16:40 0 [Note] Plugin 'FEEDBACK' is disabled.
2025-05-03 14:16:40 0 [Note] Server socket created on IP: '::'.
2025-05-03 14:19:00 0 [Note] Starting MariaDB 10.4.32-MariaDB source revision c4143f909528e3fab0677a28631d10389354c491 as process 16876
2025-05-03 14:19:00 0 [Note] InnoDB: Mutexes and rw_locks use Windows interlocked functions
2025-05-03 14:19:00 0 [Note] InnoDB: Uses event mutexes
2025-05-03 14:19:00 0 [Note] InnoDB: Compressed tables use zlib 1.3
2025-05-03 14:19:00 0 [Note] InnoDB: Number of pools: 1
2025-05-03 14:19:00 0 [Note] InnoDB: Using SSE2 crc32 instructions
2025-05-03 14:19:00 0 [Note] InnoDB: Initializing buffer pool, total size = 16M, instances = 1, chunk size = 16M
2025-05-03 14:19:00 0 [Note] InnoDB: Completed initialization of buffer pool
2025-05-03 14:19:00 0 [Note] InnoDB: Starting crash recovery from checkpoint LSN=357038
2025-05-03 14:19:00 0 [Note] InnoDB: 128 out of 128 rollback segments are active.
2025-05-03 14:19:00 0 [Note] InnoDB: Removed temporary tablespace data file: "ibtmp1"
2025-05-03 14:19:00 0 [Note] InnoDB: Creating shared tablespace for temporary tables
2025-05-03 14:19:00 0 [Note] InnoDB: Setting file 'C:\xampp\mysql\data\ibtmp1' size to 12 MB. Physically writing the file full; Please wait ...
2025-05-03 14:19:00 0 [Note] InnoDB: File 'C:\xampp\mysql\data\ibtmp1' size is now 12 MB.
2025-05-03 14:19:00 0 [Note] InnoDB: Waiting for purge to start
2025-05-03 14:19:00 0 [Note] InnoDB: 10.4.32 started; log sequence number 357047; transaction id 358
2025-05-03 14:19:00 0 [Note] InnoDB: Loading buffer pool(s) from C:\xampp\mysql\data\ib_buffer_pool
2025-05-03 14:19:00 0 [Note] Plugin 'FEEDBACK' is disabled.
2025-05-03 14:19:00 0 [Note] Server socket created on IP: '::'.
2025-05-03 14:19:15 0 [Note] Starting MariaDB 10.4.32-MariaDB source revision c4143f909528e3fab0677a28631d10389354c491 as process 20556
2025-05-03 14:19:15 0 [Note] InnoDB: Mutexes and rw_locks use Windows interlocked functions
2025-05-03 14:19:15 0 [Note] InnoDB: Uses event mutexes
2025-05-03 14:19:15 0 [Note] InnoDB: Compressed tables use zlib 1.3
2025-05-03 14:19:15 0 [Note] InnoDB: Number of pools: 1
2025-05-03 14:19:15 0 [Note] InnoDB: Using SSE2 crc32 instructions
2025-05-03 14:19:15 0 [Note] InnoDB: Initializing buffer pool, total size = 16M, instances = 1, chunk size = 16M
2025-05-03 14:19:15 0 [Note] InnoDB: Completed initialization of buffer pool
2025-05-03 14:19:15 0 [Note] InnoDB: Starting crash recovery from checkpoint LSN=357056
2025-05-03 14:19:16 0 [Note] InnoDB: 128 out of 128 rollback segments are active.
2025-05-03 14:19:16 0 [Note] InnoDB: Removed temporary tablespace data file: "ibtmp1"
2025-05-03 14:19:16 0 [Note] InnoDB: Creating shared tablespace for temporary tables
2025-05-03 14:19:16 0 [Note] InnoDB: Setting file 'C:\xampp\mysql\data\ibtmp1' size to 12 MB. Physically writing the file full; Please wait ...
2025-05-03 14:19:16 0 [Note] InnoDB: File 'C:\xampp\mysql\data\ibtmp1' size is now 12 MB.
2025-05-03 14:19:16 0 [Note] InnoDB: Waiting for purge to start
2025-05-03 14:19:16 0 [Note] InnoDB: 10.4.32 started; log sequence number 357065; transaction id 358
2025-05-03 14:19:16 0 [Note] InnoDB: Loading buffer pool(s) from C:\xampp\mysql\data\ib_buffer_pool
2025-05-03 14:19:16 0 [Note] Plugin 'FEEDBACK' is disabled.
2025-05-03 14:19:16 0 [Note] Server socket created on IP: '::'.
2025-05-03 14:21:27 0 [Note] Starting MariaDB 10.4.32-MariaDB source revision c4143f909528e3fab0677a28631d10389354c491 as process 19312
2025-05-03 14:21:27 0 [Note] InnoDB: Mutexes and rw_locks use Windows interlocked functions
2025-05-03 14:21:27 0 [Note] InnoDB: Uses event mutexes
2025-05-03 14:21:27 0 [Note] InnoDB: Compressed tables use zlib 1.3
2025-05-03 14:21:27 0 [Note] InnoDB: Number of pools: 1
2025-05-03 14:21:27 0 [Note] InnoDB: Using SSE2 crc32 instructions
2025-05-03 14:21:27 0 [Note] InnoDB: Initializing buffer pool, total size = 16M, instances = 1, chunk size = 16M
2025-05-03 14:21:27 0 [Note] InnoDB: Completed initialization of buffer pool
2025-05-03 14:21:27 0 [Note] InnoDB: Starting crash recovery from checkpoint LSN=357074
2025-05-03 14:21:28 0 [Note] InnoDB: 128 out of 128 rollback segments are active.
2025-05-03 14:21:28 0 [Note] InnoDB: Removed temporary tablespace data file: "ibtmp1"
2025-05-03 14:21:28 0 [Note] InnoDB: Creating shared tablespace for temporary tables
2025-05-03 14:21:28 0 [Note] InnoDB: Setting file 'C:\xampp\mysql\data\ibtmp1' size to 12 MB. Physically writing the file full; Please wait ...
2025-05-03 14:21:28 0 [Note] InnoDB: File 'C:\xampp\mysql\data\ibtmp1' size is now 12 MB.
2025-05-03 14:21:28 0 [Note] InnoDB: Waiting for purge to start
2025-05-03 14:21:28 0 [Note] InnoDB: 10.4.32 started; log sequence number 357083; transaction id 358
2025-05-03 14:21:28 0 [Note] InnoDB: Loading buffer pool(s) from C:\xampp\mysql\data\ib_buffer_pool
2025-05-03 14:21:28 0 [Note] Plugin 'FEEDBACK' is disabled.
2025-05-03 14:21:28 0 [Note] Server socket created on IP: '::'.
2025-05-03 14:22:20 0 [Note] Starting MariaDB 10.4.32-MariaDB source revision c4143f909528e3fab0677a28631d10389354c491 as process 3512
2025-05-03 14:22:20 0 [Note] InnoDB: Mutexes and rw_locks use Windows interlocked functions
2025-05-03 14:22:20 0 [Note] InnoDB: Uses event mutexes
2025-05-03 14:22:20 0 [Note] InnoDB: Compressed tables use zlib 1.3
2025-05-03 14:22:20 0 [Note] InnoDB: Number of pools: 1
2025-05-03 14:22:20 0 [Note] InnoDB: Using SSE2 crc32 instructions
2025-05-03 14:22:20 0 [Note] InnoDB: Initializing buffer pool, total size = 16M, instances = 1, chunk size = 16M
2025-05-03 14:22:20 0 [Note] InnoDB: Completed initialization of buffer pool
2025-05-03 14:22:20 0 [Note] InnoDB: Starting crash recovery from checkpoint LSN=357074
2025-05-03 14:22:20 0 [Note] InnoDB: 128 out of 128 rollback segments are active.
2025-05-03 14:22:20 0 [Note] InnoDB: Removed temporary tablespace data file: "ibtmp1"
2025-05-03 14:22:20 0 [Note] InnoDB: Creating shared tablespace for temporary tables
2025-05-03 14:22:20 0 [Note] InnoDB: Setting file 'C:\xampp\mysql\data\ibtmp1' size to 12 MB. Physically writing the file full; Please wait ...
2025-05-03 14:22:20 0 [Note] InnoDB: File 'C:\xampp\mysql\data\ibtmp1' size is now 12 MB.
2025-05-03 14:22:20 0 [Note] InnoDB: Waiting for purge to start
2025-05-03 14:22:20 0 [Note] InnoDB: 10.4.32 started; log sequence number 357083; transaction id 358
2025-05-03 14:22:20 0 [Note] InnoDB: Loading buffer pool(s) from C:\xampp\mysql\data\ib_buffer_pool
2025-05-03 14:22:20 0 [Note] Plugin 'FEEDBACK' is disabled.
2025-05-03 14:22:20 0 [Note] Server socket created on IP: '::'.
2025-05-03 14:27:04 0 [Note] Starting MariaDB 10.4.32-MariaDB source revision c4143f909528e3fab0677a28631d10389354c491 as process 2452
2025-05-03 14:27:04 0 [Note] InnoDB: Mutexes and rw_locks use Windows interlocked functions
2025-05-03 14:27:04 0 [Note] InnoDB: Uses event mutexes
2025-05-03 14:27:04 0 [Note] InnoDB: Compressed tables use zlib 1.3
2025-05-03 14:27:04 0 [Note] InnoDB: Number of pools: 1
2025-05-03 14:27:04 0 [Note] InnoDB: Using SSE2 crc32 instructions
2025-05-03 14:27:04 0 [Note] InnoDB: Initializing buffer pool, total size = 16M, instances = 1, chunk size = 16M
2025-05-03 14:27:04 0 [Note] InnoDB: Completed initialization of buffer pool
2025-05-03 14:27:04 0 [Note] InnoDB: Starting crash recovery from checkpoint LSN=361086
2025-05-03 14:27:04 0 [Note] InnoDB: 128 out of 128 rollback segments are active.
2025-05-03 14:27:04 0 [Note] InnoDB: Removed temporary tablespace data file: "ibtmp1"
2025-05-03 14:27:04 0 [Note] InnoDB: Creating shared tablespace for temporary tables
2025-05-03 14:27:04 0 [Note] InnoDB: Setting file 'C:\xampp\mysql\data\ibtmp1' size to 12 MB. Physically writing the file full; Please wait ...
2025-05-03 14:27:04 0 [Note] InnoDB: File 'C:\xampp\mysql\data\ibtmp1' size is now 12 MB.
2025-05-03 14:27:04 0 [Note] InnoDB: Waiting for purge to start
2025-05-03 14:27:04 0 [Note] InnoDB: 10.4.32 started; log sequence number 361095; transaction id 373
2025-05-03 14:27:04 0 [Note] InnoDB: Loading buffer pool(s) from C:\xampp\mysql\data\ib_buffer_pool
2025-05-03 14:27:04 0 [Note] Plugin 'FEEDBACK' is disabled.
2025-05-03 14:27:04 0 [Note] Server socket created on IP: '::'.
2025-05-04 17:01:32 0 [Note] Starting MariaDB 10.4.32-MariaDB source revision c4143f909528e3fab0677a28631d10389354c491 as process 12180
2025-05-04 17:01:32 0 [Note] InnoDB: Mutexes and rw_locks use Windows interlocked functions
2025-05-04 17:01:32 0 [Note] InnoDB: Uses event mutexes
2025-05-04 17:01:32 0 [Note] InnoDB: Compressed tables use zlib 1.3
2025-05-04 17:01:32 0 [Note] InnoDB: Number of pools: 1
2025-05-04 17:01:32 0 [Note] InnoDB: Using SSE2 crc32 instructions
2025-05-04 17:01:32 0 [Note] InnoDB: Initializing buffer pool, total size = 16M, instances = 1, chunk size = 16M
2025-05-04 17:01:32 0 [Note] InnoDB: Completed initialization of buffer pool
2025-05-04 17:01:32 0 [Note] InnoDB: Starting crash recovery from checkpoint LSN=374070
2025-05-04 17:01:33 0 [Note] InnoDB: 128 out of 128 rollback segments are active.
2025-05-04 17:01:33 0 [Note] InnoDB: Removed temporary tablespace data file: "ibtmp1"
2025-05-04 17:01:33 0 [Note] InnoDB: Creating shared tablespace for temporary tables
2025-05-04 17:01:33 0 [Note] InnoDB: Setting file 'C:\xampp\mysql\data\ibtmp1' size to 12 MB. Physically writing the file full; Please wait ...
2025-05-04 17:01:33 0 [Note] InnoDB: File 'C:\xampp\mysql\data\ibtmp1' size is now 12 MB.
2025-05-04 17:01:33 0 [Note] InnoDB: Waiting for purge to start
2025-05-04 17:01:33 0 [Note] InnoDB: 10.4.32 started; log sequence number 374079; transaction id 398
2025-05-04 17:01:33 0 [Note] InnoDB: Loading buffer pool(s) from C:\xampp\mysql\data\ib_buffer_pool
2025-05-04 17:01:33 0 [Note] Plugin 'FEEDBACK' is disabled.
2025-05-04 17:01:33 0 [Note] Server socket created on IP: '::'.
2025-05-04 19:43:39 0 [Note] Starting MariaDB 10.4.32-MariaDB source revision c4143f909528e3fab0677a28631d10389354c491 as process 15204
2025-05-04 19:43:39 0 [Note] InnoDB: Mutexes and rw_locks use Windows interlocked functions
2025-05-04 19:43:39 0 [Note] InnoDB: Uses event mutexes
2025-05-04 19:43:39 0 [Note] InnoDB: Compressed tables use zlib 1.3
2025-05-04 19:43:39 0 [Note] InnoDB: Number of pools: 1
2025-05-04 19:43:39 0 [Note] InnoDB: Using SSE2 crc32 instructions
2025-05-04 19:43:39 0 [Note] InnoDB: Initializing buffer pool, total size = 16M, instances = 1, chunk size = 16M
2025-05-04 19:43:39 0 [Note] InnoDB: Completed initialization of buffer pool
2025-05-04 19:43:39 0 [Note] InnoDB: Starting crash recovery from checkpoint LSN=374622
2025-05-04 19:43:39 0 [Note] InnoDB: 128 out of 128 rollback segments are active.
2025-05-04 19:43:39 0 [Note] InnoDB: Removed temporary tablespace data file: "ibtmp1"
2025-05-04 19:43:39 0 [Note] InnoDB: Creating shared tablespace for temporary tables
2025-05-04 19:43:39 0 [Note] InnoDB: Setting file 'C:\xampp\mysql\data\ibtmp1' size to 12 MB. Physically writing the file full; Please wait ...
2025-05-04 19:43:39 0 [Note] InnoDB: File 'C:\xampp\mysql\data\ibtmp1' size is now 12 MB.
2025-05-04 19:43:39 0 [Note] InnoDB: Waiting for purge to start
2025-05-04 19:43:39 0 [Note] InnoDB: 10.4.32 started; log sequence number 374631; transaction id 405
2025-05-04 19:43:39 0 [Note] InnoDB: Loading buffer pool(s) from C:\xampp\mysql\data\ib_buffer_pool
2025-05-04 19:43:39 0 [Note] Plugin 'FEEDBACK' is disabled.
2025-05-04 19:43:39 0 [Note] Server socket created on IP: '::'.
2025-05-04 19:52:40 0 [Note] Starting MariaDB 10.4.32-MariaDB source revision c4143f909528e3fab0677a28631d10389354c491 as process 23116
2025-05-04 19:52:40 0 [Note] InnoDB: Mutexes and rw_locks use Windows interlocked functions
2025-05-04 19:52:40 0 [Note] InnoDB: Uses event mutexes
2025-05-04 19:52:40 0 [Note] InnoDB: Compressed tables use zlib 1.3
2025-05-04 19:52:40 0 [Note] InnoDB: Number of pools: 1
2025-05-04 19:52:40 0 [Note] InnoDB: Using SSE2 crc32 instructions
2025-05-04 19:52:40 0 [Note] InnoDB: Initializing buffer pool, total size = 16M, instances = 1, chunk size = 16M
2025-05-04 19:52:40 0 [Note] InnoDB: Completed initialization of buffer pool
2025-05-04 19:52:40 0 [Note] InnoDB: Starting crash recovery from checkpoint LSN=374640
2025-05-04 19:52:40 0 [Note] InnoDB: 128 out of 128 rollback segments are active.
2025-05-04 19:52:40 0 [Note] InnoDB: Removed temporary tablespace data file: "ibtmp1"
2025-05-04 19:52:40 0 [Note] InnoDB: Creating shared tablespace for temporary tables
2025-05-04 19:52:40 0 [Note] InnoDB: Setting file 'C:\xampp\mysql\data\ibtmp1' size to 12 MB. Physically writing the file full; Please wait ...
2025-05-04 19:52:40 0 [Note] InnoDB: File 'C:\xampp\mysql\data\ibtmp1' size is now 12 MB.
2025-05-04 19:52:40 0 [Note] InnoDB: Waiting for purge to start
2025-05-04 19:52:40 0 [Note] InnoDB: 10.4.32 started; log sequence number 374649; transaction id 405
2025-05-04 19:52:40 0 [Note] InnoDB: Loading buffer pool(s) from C:\xampp\mysql\data\ib_buffer_pool
2025-05-04 19:52:40 0 [Note] Plugin 'FEEDBACK' is disabled.
2025-05-04 19:52:40 0 [Note] Server socket created on IP: '::'.
2025-05-04 19:2025-05-05 17:31:30 0 [Note] Starting MariaDB 10.4.32-MariaDB source revision c4143f909528e3fab0677a28631d10389354c491 as process 8536
2025-05-05 17:31:30 0 [Note] InnoDB: Mutexes and rw_locks use Windows interlocked functions
2025-05-05 17:31:30 0 [Note] InnoDB: Uses event mutexes
2025-05-05 17:31:30 0 [Note] InnoDB: Compressed tables use zlib 1.3
2025-05-05 17:31:30 0 [Note] InnoDB: Number of pools: 1
2025-05-05 17:31:30 0 [Note] InnoDB: Using SSE2 crc32 instructions
2025-05-05 17:31:30 0 [Note] InnoDB: Initializing buffer pool, total size = 16M, instances = 1, chunk size = 16M
2025-05-05 17:31:30 0 [Note] InnoDB: Completed initialization of buffer pool
2025-05-05 17:31:30 0 [Note] InnoDB: Starting crash recovery from checkpoint LSN=374658
2025-05-05 17:31:30 0 [Note] InnoDB: 128 out of 128 rollback segments are active.
2025-05-05 17:31:30 0 [Note] InnoDB: Removed temporary tablespace data file: "ibtmp1"
2025-05-05 17:31:30 0 [Note] InnoDB: Creating shared tablespace for temporary tables
2025-05-05 17:31:30 0 [Note] InnoDB: Setting file 'C:\xampp\mysql\data\ibtmp1' size to 12 MB. Physically writing the file full; Please wait ...
2025-05-05 17:31:30 0 [Note] InnoDB: File 'C:\xampp\mysql\data\ibtmp1' size is now 12 MB.
2025-05-05 17:31:30 0 [Note] InnoDB: Waiting for purge to start
2025-05-05 17:31:30 0 [Note] InnoDB: 10.4.32 started; log sequence number 374667; transaction id 405
2025-05-05 17:31:30 0 [Note] InnoDB: Loading buffer pool(s) from C:\xampp\mysql\data\ib_buffer_pool
2025-05-05 17:31:30 0 [Note] Plugin 'FEEDBACK' is disabled.
2025-05-05 17:31:30 0 [Note] InnoDB: Buffer pool(s) load completed at 250505 17:31:30
2025-05-05 17:31:30 0 [Note] Server socket created on IP: '::'.
2025-05-05 17:55:03 0 [Note] Starting MariaDB 10.4.32-MariaDB source revision c4143f909528e3fab0677a28631d10389354c491 as process 15004
2025-05-05 17:55:03 0 [Note] InnoDB: Mutexes and rw_locks use Windows interlocked functions
2025-05-05 17:55:03 0 [Note] InnoDB: Uses event mutexes
2025-05-05 17:55:03 0 [Note] InnoDB: Compressed tables use zlib 1.3
2025-05-05 17:55:03 0 [Note] InnoDB: Number of pools: 1
2025-05-05 17:55:03 0 [Note] InnoDB: Using SSE2 crc32 instructions
2025-05-05 17:55:03 0 [Note] InnoDB: Initializing buffer pool, total size = 16M, instances = 1, chunk size = 16M
2025-05-05 17:55:03 0 [Note] InnoDB: Completed initialization of buffer pool
2025-05-05 17:55:03 0 [Note] InnoDB: Starting crash recovery from checkpoint LSN=375699
2025-05-05 17:55:03 0 [Note] InnoDB: 128 out of 128 rollback segments are active.
2025-05-05 17:55:03 0 [Note] InnoDB: Removed temporary tablespace data file: "ibtmp1"
2025-05-05 17:55:03 0 [Note] InnoDB: Creating shared tablespace for temporary tables
2025-05-05 17:55:03 0 [Note] InnoDB: Setting file 'C:\xampp\mysql\data\ibtmp1' size to 12 MB. Physically writing the file full; Please wait ...
2025-05-05 17:55:03 0 [Note] InnoDB: File 'C:\xampp\mysql\data\ibtmp1' size is now 12 MB.
2025-05-05 17:55:03 0 [Note] InnoDB: Waiting for purge to start
2025-05-05 17:55:03 0 [Note] InnoDB: 10.4.32 started; log sequence number 375708; transaction id 414
2025-05-05 17:55:03 0 [Note] InnoDB: Loading buffer pool(s) from C:\xampp\mysql\data\ib_buffer_pool
2025-05-05 17:55:03 0 [Note] Plugin 'FEEDBACK' is disabled.
2025-05-05 17:55:03 0 [Note] Server socket created on IP: '::'.
2025-05-05 17:55:23 0 [Note] Starting MariaDB 10.4.32-MariaDB source revision c4143f909528e3fab0677a28631d10389354c491 as process 16740
2025-05-05 17:55:23 0 [Note] InnoDB: Mutexes and rw_locks use Windows interlocked functions
2025-05-05 17:55:23 0 [Note] InnoDB: Uses event mutexes
2025-05-05 17:55:23 0 [Note] InnoDB: Compressed tables use zlib 1.3
2025-05-05 17:55:23 0 [Note] InnoDB: Number of pools: 1
2025-05-05 17:55:23 0 [Note] InnoDB: Using SSE2 crc32 instructions
2025-05-05 17:55:23 0 [Note] InnoDB: Initializing buffer pool, total size = 16M, instances = 1, chunk size = 16M
2025-05-05 17:55:23 0 [Note] InnoDB: Completed initialization of buffer pool
2025-05-05 17:55:23 0 [Note] InnoDB: Starting crash recovery from checkpoint LSN=375717
2025-05-05 17:55:23 0 [Note] InnoDB: 128 out of 128 rollback segments are active.
2025-05-05 17:55:23 0 [Note] InnoDB: Removed temporary tablespace data file: "ibtmp1"
2025-05-05 17:55:23 0 [Note] InnoDB: Creating shared tablespace for temporary tables
2025-05-05 17:55:23 0 [Note] InnoDB: Setting file 'C:\xampp\mysql\data\ibtmp1' size to 12 MB. Physically writing the file full; Please wait ...
2025-05-05 17:55:23 0 [Note] InnoDB: File 'C:\xampp\mysql\data\ibtmp1' size is now 12 MB.
2025-05-05 17:55:23 0 [Note] InnoDB: Waiting for purge to start
2025-05-05 17:55:23 0 [Note] InnoDB: 10.4.32 started; log sequence number 375726; transaction id 414
2025-05-05 17:55:23 0 [Note] InnoDB: Loading buffer pool(s) from C:\xampp\mysql\data\ib_buffer_pool
2025-05-05 17:55:23 0 [Note] Plugin 'FEEDBACK' is disabled.
2025-05-05 17:55:23 0 [Note] Server socket created on IP: '::'.
2025-05-05 17:55:45 0 [Note] Starting MariaDB 10.4.32-MariaDB source revision c4143f909528e3fab0677a28631d10389354c491 as process 14256
2025-05-05 17:55:45 0 [Note] InnoDB: Mutexes and rw_locks use Windows interlocked functions
2025-05-05 17:55:45 0 [Note] InnoDB: Uses event mutexes
2025-05-05 17:55:45 0 [Note] InnoDB: Compressed tables use zlib 1.3
2025-05-05 17:55:45 0 [Note] InnoDB: Number of pools: 1
2025-05-05 17:55:45 0 [Note] InnoDB: Using SSE2 crc32 instructions
2025-05-05 17:55:45 0 [Note] InnoDB: Initializing buffer pool, total size = 16M, instances = 1, chunk size = 16M
2025-05-05 17:55:45 0 [Note] InnoDB: Completed initialization of buffer pool
2025-05-05 17:55:45 0 [Note] InnoDB: Starting crash recovery from checkpoint LSN=375717
2025-05-05 17:55:45 0 [Note] InnoDB: 128 out of 128 rollback segments are active.
2025-05-05 17:55:45 0 [Note] InnoDB: Removed temporary tablespace data file: "ibtmp1"
2025-05-05 17:55:45 0 [Note] InnoDB: Creating shared tablespace for temporary tables
2025-05-05 17:55:45 0 [Note] InnoDB: Setting file 'C:\xampp\mysql\data\ibtmp1' size to 12 MB. Physically writing the file full; Please wait ...
2025-05-05 17:55:45 0 [Note] InnoDB: File 'C:\xampp\mysql\data\ibtmp1' size is now 12 MB.
2025-05-05 17:55:45 0 [Note] InnoDB: Waiting for purge to start
2025-05-05 17:55:45 0 [Note] InnoDB: 10.4.32 started; log sequence number 375726; transaction id 414
2025-05-05 17:55:45 0 [Note] InnoDB: Loading buffer pool(s) from C:\xampp\mysql\data\ib_buffer_pool
2025-05-05 17:55:45 0 [Note] Plugin 'FEEDBACK' is disabled.
2025-05-05 17:55:45 0 [Note] Server socket created on IP: '::'.
2025-05-05 20:35:47 0 [Note] Starting MariaDB 10.4.32-MariaDB source revision c4143f909528e3fab0677a28631d10389354c491 as process 7988
2025-05-05 20:35:47 0 [Note] InnoDB: Mutexes and rw_locks use Windows interlocked functions
2025-05-05 20:35:47 0 [Note] InnoDB: Uses event mutexes
2025-05-05 20:35:47 0 [Note] InnoDB: Compressed tables use zlib 1.3
2025-05-05 20:35:47 0 [Note] InnoDB: Number of pools: 1
2025-05-05 20:35:47 0 [Note] InnoDB: Using SSE2 crc32 instructions
2025-05-05 20:35:47 0 [Note] InnoDB: Initializing buffer pool, total size = 16M, instances = 1, chunk size = 16M
2025-05-05 20:35:47 0 [Note] InnoDB: Completed initialization of buffer pool
2025-05-05 20:35:47 0 [Note] InnoDB: Starting crash recovery from checkpoint LSN=439960
2025-05-05 20:35:47 0 [Note] InnoDB: 128 out of 128 rollback segments are active.
2025-05-05 20:35:47 0 [Note] InnoDB: Removed temporary tablespace data file: "ibtmp1"
2025-05-05 20:35:47 0 [Note] InnoDB: Creating shared tablespace for temporary tables
2025-05-05 20:35:47 0 [Note] InnoDB: Setting file 'C:\xampp\mysql\data\ibtmp1' size to 12 MB. Physically writing the file full; Please wait ...
2025-05-05 20:35:47 0 [Note] InnoDB: File 'C:\xampp\mysql\data\ibtmp1' size is now 12 MB.
2025-05-05 20:35:47 0 [Note] InnoDB: Waiting for purge to start
2025-05-05 20:35:47 0 [Note] InnoDB: 10.4.32 started; log sequence number 439969; transaction id 521
2025-05-05 20:35:47 0 [Note] InnoDB: Loading buffer pool(s) from C:\xampp\mysql\data\ib_buffer_pool
2025-05-05 20:35:47 0 [Note] Plugin 'FEEDBACK' is disabled.
2025-05-05 20:35:47 0 [Note] Server socket created on IP: '::'.
2025-05-06  9:27:15 0 [Note] Starting MariaDB 10.4.32-MariaDB source revision c4143f909528e3fab0677a28631d10389354c491 as process 13984
2025-05-06  9:27:15 0 [Note] InnoDB: Mutexes and rw_locks use Windows interlocked functions
2025-05-06  9:27:15 0 [Note] InnoDB: Uses event mutexes
2025-05-06  9:27:15 0 [Note] InnoDB: Compressed tables use zlib 1.3
2025-05-06  9:27:15 0 [Note] InnoDB: Number of pools: 1
2025-05-06  9:27:15 0 [Note] InnoDB: Using SSE2 crc32 instructions
2025-05-06  9:27:15 0 [Note] InnoDB: Initializing buffer pool, total size = 16M, instances = 1, chunk size = 16M
2025-05-06  9:27:15 0 [Note] InnoDB: Completed initialization of buffer pool
2025-05-06  9:27:15 0 [Note] InnoDB: Starting crash recovery from checkpoint LSN=439978
2025-05-06  9:27:15 0 [Note] InnoDB: 128 out of 128 rollback segments are active.
2025-05-06  9:27:15 0 [Note] InnoDB: Removed temporary tablespace data file: "ibtmp1"
2025-05-06  9:27:15 0 [Note] InnoDB: Creating shared tablespace for temporary tables
2025-05-06  9:27:15 0 [Note] InnoDB: Setting file 'C:\xampp\mysql\data\ibtmp1' size to 12 MB. Physically writing the file full; Please wait ...
2025-05-06  9:27:15 0 [Note] InnoDB: File 'C:\xampp\mysql\data\ibtmp1' size is now 12 MB.
2025-05-06  9:27:15 0 [Note] InnoDB: Waiting for purge to start
2025-05-06  9:27:15 0 [Note] InnoDB: 10.4.32 started; log sequence number 439987; transaction id 521
2025-05-06  9:27:15 0 [Note] InnoDB: Loading buffer pool(s) from C:\xampp\mysql\data\ib_buffer_pool
2025-05-06  9:27:15 0 [Note] Plugin 'FEEDBACK' is disabled.
2025-05-06  9:27:15 0 [Note] Server socket created on IP: '::'.
2025-05-07 12:37:43 0 [Note] Starting MariaDB 10.4.32-MariaDB source revision c4143f909528e3fab0677a28631d10389354c491 as process 3032
2025-05-07 12:37:43 0 [Note] InnoDB: Mutexes and rw_locks use Windows interlocked functions
2025-05-07 12:37:43 0 [Note] InnoDB: Uses event mutexes
2025-05-07 12:37:43 0 [Note] InnoDB: Compressed tables use zlib 1.3
2025-05-07 12:37:43 0 [Note] InnoDB: Number of pools: 1
2025-05-07 12:37:43 0 [Note] InnoDB: Using SSE2 crc32 instructions
2025-05-07 12:37:43 0 [Note] InnoDB: Initializing buffer pool, total size = 16M, instances = 1, chunk size = 16M
2025-05-07 12:37:43 0 [Note] InnoDB: Completed initialization of buffer pool
2025-05-07 12:37:43 0 [Note] InnoDB: Starting crash recovery from checkpoint LSN=449397
2025-05-07 12:37:43 0 [Note] InnoDB: 128 out of 128 rollback segments are active.
2025-05-07 12:37:43 0 [Note] InnoDB: Removed temporary tablespace data file: "ibtmp1"
2025-05-07 12:37:43 0 [Note] InnoDB: Creating shared tablespace for temporary tables
2025-05-07 12:37:43 0 [Note] InnoDB: Setting file 'C:\xampp\mysql\data\ibtmp1' size to 12 MB. Physically writing the file full; Please wait ...
2025-05-07 12:37:43 0 [Note] InnoDB: File 'C:\xampp\mysql\data\ibtmp1' size is now 12 MB.
2025-05-07 12:37:43 0 [Note] InnoDB: Waiting for purge to start
2025-05-07 12:37:43 0 [Note] InnoDB: 10.4.32 started; log sequence number 449406; transaction id 546
2025-05-07 12:37:43 0 [Note] InnoDB: Loading buffer pool(s) from C:\xampp\mysql\data\ib_buffer_pool
2025-05-07 12:37:43 0 [Note] Plugin 'FEEDBACK' is disabled.
2025-05-07 12:37:43 0 [Note] Server socket created on IP: '::'.
2025-05-09 12:41:05 0 [Note] Starting MariaDB 10.4.32-MariaDB source revision c4143f909528e3fab0677a28631d10389354c491 as process 15404
2025-05-09 12:41:05 0 [Note] InnoDB: Mutexes and rw_locks use Windows interlocked functions
2025-05-09 12:41:05 0 [Note] InnoDB: Uses event mutexes
2025-05-09 12:41:05 0 [Note] InnoDB: Compressed tables use zlib 1.3
2025-05-09 12:41:05 0 [Note] InnoDB: Number of pools: 1
2025-05-09 12:41:05 0 [Note] InnoDB: Using SSE2 crc32 instructions
2025-05-09 12:41:05 0 [Note] InnoDB: Initializing buffer pool, total size = 16M, instances = 1, chunk size = 16M
2025-05-09 12:41:05 0 [Note] InnoDB: Completed initialization of buffer pool
2025-05-09 12:41:05 0 [Note] InnoDB: Starting crash recovery from checkpoint LSN=476860
2025-05-09 12:41:05 0 [Note] InnoDB: 128 out of 128 rollback segments are active.
2025-05-09 12:41:05 0 [Note] InnoDB: Removed temporary tablespace data file: "ibtmp1"
2025-05-09 12:41:05 0 [Note] InnoDB: Creating shared tablespace for temporary tables
2025-05-09 12:41:05 0 [Note] InnoDB: Setting file 'C:\xampp\mysql\data\ibtmp1' size to 12 MB. Physically writing the file full; Please wait ...
2025-05-09 12:41:05 0 [Note] InnoDB: File 'C:\xampp\mysql\data\ibtmp1' size is now 12 MB.
2025-05-09 12:41:05 0 [Note] InnoDB: Waiting for purge to start
2025-05-09 12:41:05 0 [Note] InnoDB: 10.4.32 started; log sequence number 476869; transaction id 625
2025-05-09 12:41:05 0 [Note] InnoDB: Loading buffer pool(s) from C:\xampp\mysql\data\ib_buffer_pool
2025-05-09 12:41:05 0 [Note] Plugin 'FEEDBACK' is disabled.
2025-05-09 12:41:05 0 [Note] InnoDB: Buffer pool(s) load completed at 250509 12:41:05
2025-05-09 12:41:05 0 [Note] Server socket created on IP: '::'.
2025-05-09 12:41:34 0 [Note] Starting MariaDB 10.4.32-MariaDB source revision c4143f909528e3fab0677a28631d10389354c491 as process 7348
2025-05-09 12:41:34 0 [Note] InnoDB: Mutexes and rw_locks use Windows interlocked functions
2025-05-09 12:41:34 0 [Note] InnoDB: Uses event mutexes
2025-05-09 12:41:34 0 [Note] InnoDB: Compressed tables use zlib 1.3
2025-05-09 12:41:34 0 [Note] InnoDB: Number of pools: 1
2025-05-09 12:41:34 0 [Note] InnoDB: Using SSE2 crc32 instructions
2025-05-09 12:41:34 0 [Note] InnoDB: Initializing buffer pool, total size = 16M, instances = 1, chunk size = 16M
2025-05-09 12:41:34 0 [Note] InnoDB: Completed initialization of buffer pool
2025-05-09 12:41:34 0 [Note] InnoDB: Starting crash recovery from checkpoint LSN=476860
2025-05-09 12:41:34 0 [Note] InnoDB: 128 out of 128 rollback segments are active.
2025-05-09 12:41:34 0 [Note] InnoDB: Removed temporary tablespace data file: "ibtmp1"
2025-05-09 12:41:34 0 [Note] InnoDB: Creating shared tablespace for temporary tables
2025-05-09 12:41:34 0 [Note] InnoDB: Setting file 'C:\xampp\mysql\data\ibtmp1' size to 12 MB. Physically writing the file full; Please wait ...
2025-05-09 12:41:34 0 [Note] InnoDB: File 'C:\xampp\mysql\data\ibtmp1' size is now 12 MB.
2025-05-09 12:41:34 0 [Note] InnoDB: Waiting for purge to start
2025-05-09 12:41:34 0 [Note] InnoDB: 10.4.32 started; log sequence number 476869; transaction id 625
2025-05-09 12:41:34 0 [Note] InnoDB: Loading buffer pool(s) from C:\xampp\mysql\data\ib_buffer_pool
2025-05-09 12:41:34 0 [Note] Plugin 'FEEDBACK' is disabled.
2025-05-09 12:41:34 0 [Note] Server socket created on IP: '::'.
2025-05-28 11:13:17 0 [Note] Starting MariaDB 10.4.32-MariaDB source revision c4143f909528e3fab0677a28631d10389354c491 as process 20368
2025-05-28 11:13:17 0 [Note] InnoDB: Mutexes and rw_locks use Windows interlocked functions
2025-05-28 11:13:17 0 [Note] InnoDB: Uses event mutexes
2025-05-28 11:13:17 0 [Note] InnoDB: Compressed tables use zlib 1.3
2025-05-28 11:13:17 0 [Note] InnoDB: Number of pools: 1
2025-05-28 11:13:17 0 [Note] InnoDB: Using SSE2 crc32 instructions
2025-05-28 11:13:17 0 [Note] InnoDB: Initializing buffer pool, total size = 16M, instances = 1, chunk size = 16M
2025-05-28 11:13:17 0 [Note] InnoDB: Completed initialization of buffer pool
2025-05-28 11:13:17 0 [Note] InnoDB: Starting crash recovery from checkpoint LSN=478466
2025-05-28 11:13:18 0 [Note] InnoDB: 128 out of 128 rollback segments are active.
2025-05-28 11:13:18 0 [Note] InnoDB: Removed temporary tablespace data file: "ibtmp1"
2025-05-28 11:13:18 0 [Note] InnoDB: Creating shared tablespace for temporary tables
2025-05-28 11:13:18 0 [Note] InnoDB: Setting file 'C:\xampp\mysql\data\ibtmp1' size to 12 MB. Physically writing the file full; Please wait ...
2025-05-28 11:13:18 0 [Note] InnoDB: File 'C:\xampp\mysql\data\ibtmp1' size is now 12 MB.
2025-05-28 11:13:18 0 [Note] InnoDB: Waiting for purge to start
2025-05-28 11:13:18 0 [Note] InnoDB: 10.4.32 started; log sequence number 478475; transaction id 636
2025-05-28 11:13:18 0 [Note] Plugin 'FEEDBACK' is disabled.
2025-05-28 11:13:18 0 [Note] InnoDB: Loading buffer pool(s) from C:\xampp\mysql\data\ib_buffer_pool
2025-05-28 11:13:18 0 [Note] InnoDB: Buffer pool(s) load completed at 250528 11:13:18
2025-05-28 11:13:18 0 [Note] Server socket created on IP: '::'.
